<?xml version="1.0" encoding="UTF-8" ?>
<testsuite tests="10" failures="0" name="TestSuite" time="1.518" errors="0" skipped="0">
  <properties>
[...]
</properties>
  <testcase classname="test.com.sen.api.ApiTest" name="apiTest" time="0.208"/>
  <testcase classname="test.com.sen.api.ApiTest" name="apiTest" time="0.022"/>
  <testcase classname="test.com.sen.api.ApiTest" name="apiTest" time="0.024"/>
  <testcase classname="test.com.sen.api.ApiTest" name="apiTest" time="0.015"/>
  <testcase classname="test.com.sen.api.ApiTest" name="apiTest" time="0.012"/>
  <testcase classname="test.com.sen.api.ApiTest" name="apiTest" time="0.01"/>
  <testcase classname="test.com.sen.api.ApiTest" name="apiTest" time="0.012"/>
  <testcase classname="test.com.sen.api.ApiTest" name="apiTest" time="0.013"/>
  <testcase classname="test.com.sen.api.ApiTest" name="apiTest" time="0.02"/>
  <testcase classname="test.com.sen.api.ApiTest" name="apiTest" time="0.09"/>
</testsuite>